Electric Version 8.05
--------------- 0 --------------
  Mon Feb 24 18:29:56 EST 2020
Menu Activated: File | Open Library...
--------------- 1 --------------
  Mon Feb 24 18:30:26 EST 2020
Menu Activated: Tool | Simulation (Built-in) | ALS: Simulate Current Cell
--------------- 2 --------------
  Mon Feb 24 18:30:38 EST 2020
Menu Activated: Tool | Simulation (Built-in) | Restore Stimuli from Disk...
--------------- 3 --------------
  Mon Feb 24 18:30:43 EST 2020
Menu Activated: Edit | Modes | Edit | Toggle Pan
--------------- 4 --------------
  Mon Feb 24 18:30:54 EST 2020
Menu Activated: Tool | Simulation (Built-in) | Update Simulation Window
--------------- 5 --------------
  Mon Feb 24 18:31:30 EST 2020
Menu Activated: Tool | Simulation (Built-in) | Update Simulation Window
--------------- 6 --------------
  Mon Feb 24 18:31:41 EST 2020
Menu Activated: Tool | Simulation (Built-in) | Update Simulation Window
